<?xml version="1.0" encoding="UTF-8"?>
<!-- Generated by org.testng.reporters.JUnitReportReporter -->
<testsuite hostname="UNupur" failures="0" tests="1" name="RahulShettyFrameWork_AppTest.OriginalStandAloneTest" time="10.575" errors="0" timestamp="2024-10-06T22:15:33 EDT" skipped="0">
  <testcase classname="RahulShettyFrameWork_AppTest.OriginalStandAloneTest" name="testDashboard" time="10.575"/>
  <system-out/>
</testsuite> <!-- RahulShettyFrameWork_AppTest.OriginalStandAloneTest -->
