<?xml version="1.0" encoding="UTF-8"?>
<!-- Generated by org.testng.reporters.JUnitReportReporter -->
<testsuite hostname="UNupur" failures="0" tests="2" name="RahulShettyFrameWork_AppTest.TestComponents.ErrorValidations" time="36.267" errors="0" timestamp="2024-10-12T13:43:45 EDT" skipped="0">
  <testcase classname="RahulShettyFrameWork_AppTest.TestComponents.ErrorValidations" name="errorValidationInCartPage" time="22.957"/>
  <system-out/>
  <testcase classname="RahulShettyFrameWork_AppTest.TestComponents.ErrorValidations" name="errorValidationOfSubmitOrder" time="13.310"/>
  <system-out/>
</testsuite> <!-- RahulShettyFrameWork_AppTest.TestComponents.ErrorValidations -->
