<?xml version="1.0" encoding="UTF-8"?>
<!-- Generated by org.testng.reporters.JUnitReportReporter -->
<testsuite hostname="UNupur" failures="0" tests="2" name="RahulShettyFrameWork_AppTest.StandAloneTest" time="53.370" errors="0" timestamp="2024-10-12T13:43:45 EDT" skipped="0">
  <testcase classname="RahulShettyFrameWork_AppTest.StandAloneTest" name="submitOrder" time="25.173"/>
  <system-out/>
  <testcase classname="RahulShettyFrameWork_AppTest.StandAloneTest" name="submitOrder" time="28.197"/>
  <system-out/>
</testsuite> <!-- RahulShettyFrameWork_AppTest.StandAloneTest -->
